<?xml version="1.0" encoding="UTF-8"?>
<!-- Generated by org.testng.reporters.JUnitReportReporter -->
<testsuite skipped="0" hostname="SILICUS310" name="Sampleprogram.jdbcconnection" tests="1" failures="0" timestamp="02 Aug 2018 12:08:58 GMT" time="0.263" errors="0">
  <testcase name="dbquery" time="0.263" classname="Sampleprogram.jdbcconnection"/>
</testsuite> <!-- Sampleprogram.jdbcconnection -->
